<?xml version="1.0" encoding="UTF-8"?>
<testng-results ignored="0" total="2" passed="2" failed="0" skipped="0">
  <reporter-output>
  </reporter-output>
  <suite started-at="2026-03-02T01:23:49 IST" name="Default suite" finished-at="2026-03-02T01:23:56 IST" duration-ms="6857">
    <groups>
    </groups>
    <test started-at="2026-03-02T01:23:49 IST" name="Default test" finished-at="2026-03-02T01:23:56 IST" duration-ms="6857">
      <class name="test.test1">
        <test-method is-config="true" signature="BeforeClass()[pri:0, instance:test.test1@6580cfdd]" started-at="2026-03-02T01:23:49 IST" name="BeforeClass" finished-at="2026-03-02T01:23:49 IST" duration-ms="24" status="PASS">
          <reporter-output>
          </reporter-output>
        </test-method> <!-- BeforeClass -->
        <test-method is-config="true" signature="startup()[pri:0, instance:test.test1@6580cfdd]" started-at="2026-03-02T01:23:49 IST" name="startup" finished-at="2026-03-02T01:23:51 IST" duration-ms="2079" status="PASS">
          <reporter-output>
          </reporter-output>
        </test-method> <!-- startup -->
        <test-method signature="priorityRunner()[pri:0, instance:test.test1@6580cfdd]" started-at="2026-03-02T01:23:51 IST" name="priorityRunner" finished-at="2026-03-02T01:23:53 IST" duration-ms="2070" status="PASS">
          <reporter-output>
          </reporter-output>
        </test-method> <!-- priorityRunner -->
        <test-method is-config="true" signature="tearup()[pri:0, instance:test.test1@6580cfdd]" started-at="2026-03-02T01:23:53 IST" name="tearup" finished-at="2026-03-02T01:23:54 IST" duration-ms="477" status="PASS">
          <reporter-output>
          </reporter-output>
        </test-method> <!-- tearup -->
        <test-method is-config="true" signature="startup()[pri:0, instance:test.test1@6580cfdd]" started-at="2026-03-02T01:23:54 IST" name="startup" finished-at="2026-03-02T01:23:55 IST" duration-ms="1331" status="PASS">
          <reporter-output>
          </reporter-output>
        </test-method> <!-- startup -->
        <test-method signature="runner()[pri:1, instance:test.test1@6580cfdd]" started-at="2026-03-02T01:23:55 IST" name="runner" finished-at="2026-03-02T01:23:56 IST" duration-ms="446" status="PASS">
          <reporter-output>
          </reporter-output>
        </test-method> <!-- runner -->
        <test-method is-config="true" signature="tearup()[pri:0, instance:test.test1@6580cfdd]" started-at="2026-03-02T01:23:56 IST" name="tearup" finished-at="2026-03-02T01:23:56 IST" duration-ms="368" status="PASS">
          <reporter-output>
          </reporter-output>
        </test-method> <!-- tearup -->
        <test-method is-config="true" signature="AfterClass()[pri:0, instance:test.test1@6580cfdd]" started-at="2026-03-02T01:23:56 IST" name="AfterClass" finished-at="2026-03-02T01:23:56 IST" duration-ms="1" status="PASS">
          <reporter-output>
          </reporter-output>
        </test-method> <!-- AfterClass -->
      </class> <!-- test.test1 -->
    </test> <!-- Default test -->
  </suite> <!-- Default suite -->
</testng-results>
